#
# There is insufficient memory for the Java Runtime Environment to continue.
# Native memory allocation (malloc) failed to allocate 1048576 bytes for AllocateHeap
# Possible reasons:
#   The system is out of physical RAM or swap space
#   In 32 bit mode, the process size limit was hit
# Possible solutions:
#   Reduce memory load on the system
#   Increase physical memory or swap space
#   Check if swap backing store is full
#   Use 64 bit Java on a 64 bit OS
#   Decrease Java heap size (-Xmx/-Xms)
#   Decrease number of Java threads
#   Decrease Java thread stack sizes (-Xss)
#   Set larger code cache with -XX:ReservedCodeCacheSize=
# This output file may be truncated or incomplete.
#
#  Out of Memory Error (memory/allocation.inline.hpp:61), pid=2088, tid=12148
#
# JRE version:  (7.0_80-b15) (build )
# Java VM: Java HotSpot(TM) 64-Bit Server VM (24.80-b11 mixed mode windows-amd64 compressed oops)
# Failed to write core dump. Minidumps are not enabled by default on client versions of Windows
#

---------------  T H R E A D  ---------------

Current thread (0x0000000002d01000):  JavaThread "Unknown thread" [_thread_in_vm, id=12148, stack(0x0000000002c00000,0x0000000002d00000)]

Stack: [0x0000000002c00000,0x0000000002d00000]

---------------  P R O C E S S  ---------------

Java Threads: ( => current thread )

Other Threads:

=>0x0000000002d01000 (exited) JavaThread "Unknown thread" [_thread_in_vm, id=12148, stack(0x0000000002c00000,0x0000000002d00000)]

VM state:not at safepoint (normal execution)

VM Mutex/Monitor currently owned by a thread: None

Heap
 PSYoungGen      total 18944K, used 327K [0x00000000eb280000, 0x00000000ec780000, 0x0000000100000000)
  eden space 16384K, 2% used [0x00000000eb280000,0x00000000eb2d1f10,0x00000000ec280000)
  from space 2560K, 0% used [0x00000000ec500000,0x00000000ec500000,0x00000000ec780000)
  to   space 2560K, 0% used [0x00000000ec280000,0x00000000ec280000,0x00000000ec500000)
 ParOldGen       total 42496K, used 0K [0x00000000c1800000, 0x00000000c4180000, 0x00000000eb280000)
  object space 42496K, 0% used [0x00000000c1800000,0x00000000c1800000,0x00000000c4180000)
 PSPermGen       total 21504K, used 697K [0x00000000bc600000, 0x00000000bdb00000, 0x00000000c1800000)
  object space 21504K, 3% used [0x00000000bc600000,0x00000000bc6ae5c8,0x00000000bdb00000)

Card table byte_map: [0x0000000005ec0000,0x00000000060e0000] byte_map_base: 0x00000000058dd000

Polling page: 0x0000000000f70000

Code Cache  [0x0000000002e00000, 0x0000000003070000, 0x0000000005e00000)
 total_blobs=38 nmethods=0 adapters=20 free_code_cache=48889Kb largest_free_block=50062528

Compilation events (0 events):
No events

GC Heap History (0 events):
No events

Deoptimization events (0 events):
No events

Internal exceptions (0 events):
No events

Events (10 events):
Event: 0.030 loading class 0x0000000002d46960
Event: 0.030 loading class 0x0000000002d46960 done
Event: 0.030 loading class 0x0000000002d469b0
Event: 0.030 loading class 0x0000000002d469b0 done
Event: 0.030 loading class 0x0000000002d46a00
Event: 0.030 loading class 0x0000000002d46a00 done
Event: 0.031 loading class 0x0000000002d47780
Event: 0.031 loading class 0x0000000002d47780 done
Event: 0.031 loading class 0x0000000002d473a0
Event: 0.031 loading class 0x0000000002d473a0 done


Dynamic libraries:
0x00007ff618150000 - 0x00007ff618183000 	C:\Program Files\Java\jdk1.7.0_80\bin\java.exe
0x00007ffcc42c0000 - 0x00007ffcc44b0000 	C:\Windows\SYSTEM32\ntdll.dll
0x00007ffcc3060000 - 0x00007ffcc3112000 	C:\Windows\System32\KERNEL32.DLL
0x00007ffcc1880000 - 0x00007ffcc1b25000 	C:\Windows\System32\KERNELBASE.dll
0x00007ffcc34b0000 - 0x00007ffcc3553000 	C:\Windows\System32\ADVAPI32.dll
0x00007ffcc26b0000 - 0x00007ffcc274e000 	C:\Windows\System32\msvcrt.dll
0x00007ffcc3680000 - 0x00007ffcc3717000 	C:\Windows\System32\sechost.dll
0x00007ffcc2370000 - 0x00007ffcc2490000 	C:\Windows\System32\RPCRT4.dll
0x00007ffcc4080000 - 0x00007ffcc4214000 	C:\Windows\System32\USER32.dll
0x00007ffcc1630000 - 0x00007ffcc1651000 	C:\Windows\System32\win32u.dll
0x00007ffcc3140000 - 0x00007ffcc3166000 	C:\Windows\System32\GDI32.dll
0x00007ffcc1300000 - 0x00007ffcc1496000 	C:\Windows\System32\gdi32full.dll
0x00007ffcc17e0000 - 0x00007ffcc187e000 	C:\Windows\System32\msvcp_win.dll
0x00007ffcc14a0000 - 0x00007ffcc159a000 	C:\Windows\System32\ucrtbase.dll
0x00007ffcae140000 - 0x00007ffcae3c4000 	C:\Windows\WinSxS\amd64_microsoft.windows.common-controls_6595b64144ccf1df_6.0.18362.1256_none_9e7e379be45e40e2\COMCTL32.dll
0x00007ffcc3170000 - 0x00007ffcc34a6000 	C:\Windows\System32\combase.dll
0x00007ffcc15a0000 - 0x00007ffcc1621000 	C:\Windows\System32\bcryptPrimitives.dll
0x00007ffcc3720000 - 0x00007ffcc374e000 	C:\Windows\System32\IMM32.DLL
0x00000000715d0000 - 0x00000000716a2000 	C:\Program Files\Java\jdk1.7.0_80\jre\bin\msvcr100.dll
0x0000000070480000 - 0x0000000070c59000 	C:\Program Files\Java\jdk1.7.0_80\jre\bin\server\jvm.dll
0x00007ffcc3130000 - 0x00007ffcc3138000 	C:\Windows\System32\PSAPI.DLL
0x00007ffcbda00000 - 0x00007ffcbda09000 	C:\Windows\SYSTEM32\WSOCK32.dll
0x00007ffcc3560000 - 0x00007ffcc35cf000 	C:\Windows\System32\WS2_32.dll
0x00007ffcbdc70000 - 0x00007ffcbdc94000 	C:\Windows\SYSTEM32\WINMM.dll
0x00007ffcbdc40000 - 0x00007ffcbdc6d000 	C:\Windows\SYSTEM32\WINMMBASE.dll
0x00007ffcc1b90000 - 0x00007ffcc1bda000 	C:\Windows\System32\cfgmgr32.dll
0x0000000071580000 - 0x000000007158f000 	C:\Program Files\Java\jdk1.7.0_80\jre\bin\verify.dll
0x0000000071550000 - 0x0000000071578000 	C:\Program Files\Java\jdk1.7.0_80\jre\bin\java.dll
0x0000000071530000 - 0x0000000071546000 	C:\Program Files\Java\jdk1.7.0_80\jre\bin\zip.dll

VM Arguments:
jvm_args: -Dfile.encoding=UTF-8 
java_command: xyzmanagment.LoginUI
Launcher Type: SUN_STANDARD

Environment Variables:
JAVA_HOME=C:\Program Files\Java\jdk1.8.0_271
PATH=C:\Program Files\Microsoft MPI\Bin\;C:\Program Files (x86)\Common Files\Oracle\Java\javapath;C:\Program Files (x86)\Intel\iCLS Client\;C:\Program Files\Intel\iCLS Client\;C:\Windows\system32;C:\Windows;C:\Windows\System32\Wbem;C:\Windows\System32\WindowsPowerShell\v1.0\;C:\Windows\System32\OpenSSH\;C:\Program Files\Intel\Intel(R) Management Engine Components\DAL;C:\Program Files\Intel\Intel(R) Management Engine Components\IPT;C:\Program Files (x86)\Intel\Intel(R) Management Engine Components\DAL;C:\Program Files (x86)\Intel\Intel(R) Management Engine Components\IPT;C:\Program Files\Java\jdk1.8.0_271\bin;C:\Program Files (x86)\Microsoft SQL Server\150\DTS\Binn\;C:\Program Files\Azure Data Studio\bin;C:\Program Files\Microsoft SQL Server\Client SDK\ODBC\170\Tools\Binn\;C:\Program Files (x86)\Microsoft SQL Server\150\Tools\Binn\;C:\Program Files\Microsoft SQL Server\150\Tools\Binn\;C:\Program Files\Microsoft SQL Server\150\DTS\Binn\;C:\Users\mical\AppData\Local\Microsoft\WindowsApps;;C:\Program Files\Azure Data Studio\bin
USERNAME=mical
OS=Windows_NT
PROCESSOR_IDENTIFIER=Intel64 Family 6 Model 69 Stepping 1, GenuineIntel



---------------  S Y S T E M  ---------------

OS: Windows 8.1 , 64 bit Build 9600 

CPU:total 4 (2 cores per cpu, 2 threads per core) family 6 model 69 stepping 1, cmov, cx8, fxsr, mmx, sse, sse2, sse3, ssse3, sse4.1, sse4.2, popcnt, avx, avx2, aes, erms, ht, tsc, tscinvbit

Memory: 4k page, physical 4088172k(515320k free), swap 16671084k(5844k free)

vm_info: Java HotSpot(TM) 64-Bit Server VM (24.80-b11) for windows-amd64 JRE (1.7.0_80-b15), built on Apr 10 2015 11:26:34 by "java_re" with unknown MS VC++:1600

time: Thu Sep 09 09:31:08 2021
elapsed time: 0 seconds

